<?xml version="1.0" encoding="UTF-8"?>
<!-- Generated by org.testng.reporters.JUnitReportReporter -->
<testsuite skipped="0" hostname="IITC-WS-QA22" name="testNg.TestNgBasics" tests="2" failures="0" timestamp="03 Jan 2018 10:59:16 GMT" time="35.160" errors="0">
  <testcase name="linkTest" time="15.985" classname="testNg.TestNgBasics"/>
  <testcase name="remedyTest" time="19.175" classname="testNg.TestNgBasics"/>
</testsuite> <!-- testNg.TestNgBasics -->
