<?xml version="1.0" encoding="UTF-8"?>
<!-- Generated by org.testng.reporters.JUnitReportReporter -->
<testsuite skipped="0" hostname="IITC-WS-QA22" name="testNg.TestNgBasics" tests="3" failures="0" timestamp="04 Jan 2018 06:54:20 GMT" time="66.324" errors="0">
  <testcase name="logoSize" time="22.133" classname="testNg.TestNgBasics"/>
  <testcase name="linkTest" time="21.026" classname="testNg.TestNgBasics"/>
  <testcase name="remedyTest" time="23.165" classname="testNg.TestNgBasics"/>
</testsuite> <!-- testNg.TestNgBasics -->
